%!Adobe-FontList 1.19
%Locale:0x409

%BeginFont
Handler:DirectoryHandler
FontType:TrueType
FontName:Futura-Medium
FamilyName:Futura
StyleName:Medium
MenuName:Futura
StyleBits:0
WeightClass:500
WidthClass:5
AngleClass:0
FullName:Futura Medium
WritingScript:Roman
OutlineFileName:\Futura.ttc
TTCOffset:40
DataFormat:sfntData
hasSVG:no
VariableFontType:NonVariableFont
FileLength:288740
FileModTime:1449981785
NameArray:0,Mac,4,Futura Medium
%EndFont

%BeginFont
Handler:DirectoryHandler
FontType:TrueType
FontName:Futura-MediumItalic
FamilyName:Futura
StyleName:Medium Italic
MenuName:Futura
StyleBits:1
WeightClass:500
WidthClass:5
AngleClass:1
FullName:Futura Medium Italic
WritingScript:Roman
OutlineFileName:\Futura.ttc
TTCOffset:324
DataFormat:sfntData
hasSVG:no
VariableFontType:NonVariableFont
FileLength:288740
FileModTime:1449981785
NameArray:0,Mac,4,Futura Medium Italic
%EndFont

%BeginFont
Handler:DirectoryHandler
FontType:TrueType
FontName:Futura-CondensedMedium
FamilyName:Futura
StyleName:Condensed Medium
MenuName:Futura
StyleBits:0
WeightClass:500
WidthClass:3
AngleClass:0
FullName:Futura Condensed Medium
WritingScript:Roman
OutlineFileName:\Futura.ttc
TTCOffset:608
DataFormat:sfntData
hasSVG:no
VariableFontType:NonVariableFont
FileLength:288740
FileModTime:1449981785
NameArray:0,Mac,4,Futura Condensed Medium
%EndFont

%BeginFont
Handler:DirectoryHandler
FontType:TrueType
FontName:Futura-CondensedExtraBold
FamilyName:Futura
StyleName:Condensed ExtraBold
MenuName:Futura
StyleBits:2
WeightClass:800
WidthClass:3
AngleClass:0
FullName:Futura Condensed ExtraBold
WritingScript:Roman
OutlineFileName:\Futura.ttc
TTCOffset:892
DataFormat:sfntData
hasSVG:no
VariableFontType:NonVariableFont
FileLength:288740
FileModTime:1449981785
NameArray:0,Mac,4,Futura Condensed ExtraBold
%EndFont

%BeginFont
Handler:DirectoryHandler
FontType:TrueType
FontName:Phosphate-Inline
FamilyName:Phosphate
StyleName:Inline
MenuName:Phosphate
StyleBits:0
WeightClass:400
WidthClass:5
AngleClass:0
FullName:Phosphate Inline
WritingScript:Roman
OutlineFileName:\Phosphate.ttc
TTCOffset:32
DataFormat:sfntData
hasSVG:no
VariableFontType:NonVariableFont
FileLength:225784
FileModTime:1449981788
NameArray:0,Mac,4,Phosphate Inline
%EndFont

%BeginFont
Handler:DirectoryHandler
FontType:TrueType
FontName:Phosphate-Solid
FamilyName:Phosphate
StyleName:Solid
MenuName:Phosphate
StyleBits:0
WeightClass:400
WidthClass:5
AngleClass:0
FullName:Phosphate Solid
WritingScript:Roman
OutlineFileName:\Phosphate.ttc
TTCOffset:252
DataFormat:sfntData
hasSVG:no
VariableFontType:NonVariableFont
FileLength:225784
FileModTime:1449981788
NameArray:0,Mac,4,Phosphate Solid
%EndFont

